<?xml version="1.0" encoding="UTF-8"?>
<testsuites>
  <testsuite name="fastlane.lanes">
    
    
    
      
      <testcase classname="fastlane.lanes" name="0: default_platform" time="0.000321">
        
      </testcase>
    
      
      <testcase classname="fastlane.lanes" name="1: bundleStagingRelease" time="15.62209">
        
          <failure message="/Library/Ruby/Gems/2.6.0/gems/fastlane-2.208.0/fastlane/lib/fastlane/actions/actions_helper.rb:67:in `execute_action'&#10;/Library/Ruby/Gems/2.6.0/gems/fastlane-2.208.0/fastlane/lib/fastlane/runner.rb:255:in `block in execute_action'&#10;/Library/Ruby/Gems/2.6.0/gems/fastlane-2.208.0/fastlane/lib/fastlane/runner.rb:229:in `chdir'&#10;/Library/Ruby/Gems/2.6.0/gems/fastlane-2.208.0/fastlane/lib/fastlane/runner.rb:229:in `execute_action'&#10;/Library/Ruby/Gems/2.6.0/gems/fastlane-2.208.0/fastlane/lib/fastlane/runner.rb:157:in `trigger_action_by_name'&#10;/Library/Ruby/Gems/2.6.0/gems/fastlane-2.208.0/fastlane/lib/fastlane/fast_file.rb:159:in `method_missing'&#10;Fastfile:22:in `block (2 levels) in parsing_binding'&#10;/Library/Ruby/Gems/2.6.0/gems/fastlane-2.208.0/fastlane/lib/fastlane/lane.rb:33:in `call'&#10;/Library/Ruby/Gems/2.6.0/gems/fastlane-2.208.0/fastlane/lib/fastlane/runner.rb:49:in `block in execute'&#10;/Library/Ruby/Gems/2.6.0/gems/fastlane-2.208.0/fastlane/lib/fastlane/runner.rb:45:in `chdir'&#10;/Library/Ruby/Gems/2.6.0/gems/fastlane-2.208.0/fastlane/lib/fastlane/runner.rb:45:in `execute'&#10;/Library/Ruby/Gems/2.6.0/gems/fastlane-2.208.0/fastlane/lib/fastlane/lane_manager.rb:47:in `cruise_lane'&#10;/Library/Ruby/Gems/2.6.0/gems/fastlane-2.208.0/fastlane/lib/fastlane/command_line_handler.rb:36:in `handle'&#10;/Library/Ruby/Gems/2.6.0/gems/fastlane-2.208.0/fastlane/lib/fastlane/commands_generator.rb:110:in `block (2 levels) in run'&#10;/Library/Ruby/Gems/2.6.0/gems/commander-4.6.0/lib/commander/command.rb:187:in `call'&#10;/Library/Ruby/Gems/2.6.0/gems/commander-4.6.0/lib/commander/command.rb:157:in `run'&#10;/Library/Ruby/Gems/2.6.0/gems/commander-4.6.0/lib/commander/runner.rb:444:in `run_active_command'&#10;/Library/Ruby/Gems/2.6.0/gems/fastlane-2.208.0/fastlane_core/lib/fastlane_core/ui/fastlane_runner.rb:124:in `run!'&#10;/Library/Ruby/Gems/2.6.0/gems/commander-4.6.0/lib/commander/delegates.rb:18:in `run!'&#10;/Library/Ruby/Gems/2.6.0/gems/fastlane-2.208.0/fastlane/lib/fastlane/commands_generator.rb:354:in `run'&#10;/Library/Ruby/Gems/2.6.0/gems/fastlane-2.208.0/fastlane/lib/fastlane/commands_generator.rb:43:in `start'&#10;/Library/Ruby/Gems/2.6.0/gems/fastlane-2.208.0/fastlane/lib/fastlane/cli_tools_distributor.rb:123:in `take_off'&#10;/Library/Ruby/Gems/2.6.0/gems/fastlane-2.208.0/bin/fastlane:23:in `&lt;top (required)&gt;'&#10;/usr/local/bin/fastlane:23:in `load'&#10;/usr/local/bin/fastlane:23:in `&lt;main&gt;'&#10;&#10;Shell command exited with exit status 1 instead of 0.&#10;Starting a Gradle Daemon, 1 incompatible Daemon could not be reused, use --status for details&#10;&gt; Task :app:preBuild UP-TO-DATE&#10;&gt; Task :app:preStagingReleaseBuild UP-TO-DATE&#10;&gt; Task :app:compileStagingReleaseRenderscript NO-SOURCE&#10;&gt; Task :app:generateStagingReleaseResValues UP-TO-DATE&#10;&gt; Task :app:generateStagingReleaseResources UP-TO-DATE&#10;&#10;&gt; Task :app:mergeStagingReleaseResources&#10;line 1:0 extraneous input '?' expecting {COMMENT, SEA_WS, '&lt;', PI}&#10;&#10;&gt; Task :app:createStagingReleaseCompatibleScreenManifests&#10;&gt; Task :app:extractDeepLinksStagingRelease UP-TO-DATE&#10;&gt; Task :app:processStagingReleaseMainManifest&#10;&gt; Task :app:processStagingReleaseManifest&#10;&gt; Task :app:processApplicationManifestStagingReleaseForBundle&#10;&gt; Task :app:mergeStagingReleaseShaders UP-TO-DATE&#10;&gt; Task :app:compileStagingReleaseShaders NO-SOURCE&#10;&gt; Task :app:generateStagingReleaseAssets UP-TO-DATE&#10;&gt; Task :app:mergeStagingReleaseAssets UP-TO-DATE&#10;&gt; Task :app:compileStagingReleaseAidl NO-SOURCE&#10;&gt; Task :app:dataBindingMergeDependencyArtifactsStagingRelease UP-TO-DATE&#10;&gt; Task :app:checkStagingReleaseDuplicateClasses&#10;&gt; Task :app:dataBindingMergeGenClassesStagingRelease UP-TO-DATE&#10;&gt; Task :app:packageStagingReleaseResources&#10;&gt; Task :app:generateStagingReleaseBuildConfig&#10;&gt; Task :app:checkStagingReleaseAarMetadata&#10;&gt; Task :app:javaPreCompileStagingRelease&#10;&gt; Task :app:extractProguardFiles&#10;&gt; Task :app:processStagingReleaseJavaRes NO-SOURCE&#10;&gt; Task :app:mergeStagingReleaseJniLibFolders UP-TO-DATE&#10;&gt; Task :app:parseStagingReleaseLocalResources&#10;&gt; Task :app:mergeStagingReleaseNativeLibs NO-SOURCE&#10;&gt; Task :app:dataBindingGenBaseClassesStagingRelease&#10;&gt; Task :app:stripStagingReleaseDebugSymbols NO-SOURCE&#10;&gt; Task :app:mergeStagingReleaseArtProfile UP-TO-DATE&#10;&gt; Task :app:collectStagingReleaseDependencies&#10;&gt; Task :app:configureStagingReleaseDependencies&#10;&gt; Task :app:extractStagingReleaseNativeSymbolTables NO-SOURCE&#10;&gt; Task :app:parseStagingReleaseIntegrityConfig UP-TO-DATE&#10;&gt; Task :app:writeStagingReleaseAppMetadata UP-TO-DATE&#10;&gt; Task :app:validateSigningStagingRelease FAILED&#10;&gt; Task :app:processStagingReleaseManifestForPackage&#10;&gt; Task :app:bundleStagingReleaseResources&#10;&#10;FAILURE: Build failed with an exception.&#10;&#10;* What went wrong:&#10;Execution failed for task ':app:validateSigningStagingRelease'.&#10;&gt; Keystore file '/Users/ajaypuli/.gradle/daemon/7.2' not found for signing config 'externalOverride'.&#10;&#10;* Try:&#10;Run with --stacktrace option to get the stack trace. Run with --info or --debug option to get more log output. Run with --scan to get full insights.&#10;&#10;* Get more help at https://help.gradle.org&#10;&#10;BUILD FAILED in 14s&#10;28 actionable tasks: 18 executed, 10 up-to-date&#10;" />
        
      </testcase>
    
  </testsuite>
</testsuites>
